<?xml version="1.0" encoding="UTF-8"?>
<!-- Generated by org.testng.reporters.JUnitReportReporter -->
<testsuite skipped="0" hostname="DESKTOP-F2QJ63E" name="Test.IAMLoginTest" tests="1" failures="0" timestamp="2020-08-14T23:13:10 EET" time="2.391" errors="0">
  <testcase name="clickiambtton" time="2.391" classname="Test.IAMLoginTest"/>
  <system-out/>
</testsuite> <!-- Test.IAMLoginTest -->
