<?xml version="1.0" encoding="UTF-8"?>
<!-- Generated by org.testng.reporters.JUnitReportReporter -->
<testsuite skipped="0" hostname="DESKTOP-F2QJ63E" name="Test.LoginPageTest" tests="1" failures="0" timestamp="2020-08-04T05:09:29 EET" time="28.745" errors="0">
  <testcase name="checktest" time="28.745" classname="Test.LoginPageTest"/>
  <system-out/>
</testsuite> <!-- Test.LoginPageTest -->
