<?xml version="1.0" encoding="UTF-8"?>
<!-- Generated by org.testng.reporters.JUnitReportReporter -->
<testsuite skipped="0" hostname="DESKTOP-F2QJ63E" name="Test.LoginPageTest" tests="1" failures="0" timestamp="2020-08-08T03:49:00 EET" time="17.436" errors="0">
  <testcase name="checktest" time="17.436" classname="Test.LoginPageTest"/>
  <system-out/>
</testsuite> <!-- Test.LoginPageTest -->
