<?xml version="1.0" encoding="UTF-8"?>
<!-- Generated by org.testng.reporters.JUnitReportReporter -->
<testsuite skipped="0" hostname="DESKTOP-F2QJ63E" name="Test.UserLoginTest" tests="3" failures="0" timestamp="2020-08-15T03:27:40 EET" time="17.588" errors="0">
  <testcase name="userlogin" time="2.974" classname="Test.UserLoginTest"/>
  <system-out/>
  <testcase name="clickContinuebtn" time="12.734" classname="Test.UserLoginTest"/>
  <system-out/>
  <testcase name="selectvisa" time="1.880" classname="Test.UserLoginTest"/>
  <system-out/>
</testsuite> <!-- Test.UserLoginTest -->
