<?xml version="1.0" encoding="UTF-8"?>
<!-- Generated by org.testng.reporters.JUnitReportReporter -->
<testsuite skipped="0" hostname="DESKTOP-F2QJ63E" name="Test.LoginPageTest" tests="1" failures="0" timestamp="2020-08-08T02:21:38 EET" time="26.674" errors="0">
  <testcase name="checktest" time="26.674" classname="Test.LoginPageTest"/>
  <system-out/>
</testsuite> <!-- Test.LoginPageTest -->
